\BOOKMARK [1][-]{section.1}{\376\377\000O\000g\000\363\000l\000n\000y\000\040\000o\000p\000i\000s\000\040\000a\000p\000l\000i\000k\000a\000c\000j\000i}{}% 1
\BOOKMARK [1][-]{section.2}{\376\377\000I\000n\000t\000e\000r\000f\000e\000j\000s\000\040\000g\000r\000a\000f\000i\000c\000z\000n\000y}{}% 2
\BOOKMARK [1][-]{section.3}{\376\377\000S\000t\000r\000u\000k\000t\000u\000r\000a\000\040\000k\000o\000d\000u}{}% 3
\BOOKMARK [2][-]{subsection.3.1}{\376\377\000N\000a\000g\001\102\000\363\000w\000k\000i\000\040\000i\000\040\000b\000i\000b\000l\000i\000o\000t\000e\000k\000i}{section.3}% 4
\BOOKMARK [2][-]{subsection.3.2}{\376\377\000Z\000m\000i\000e\000n\000n\000e\000\040\000g\000l\000o\000b\000a\000l\000n\000e}{section.3}% 5
\BOOKMARK [2][-]{subsection.3.3}{\376\377\000F\000u\000n\000k\000c\000j\000a\000\040\000w\000x\000b\000u\000i\000l\000d\000i\000n\000f\000o}{section.3}% 6
\BOOKMARK [2][-]{subsection.3.4}{\376\377\000K\000l\000a\000s\000a\000\040\000P\000r\000o\000j\000e\000k\000t\000D\000i\000a\000l\000o\000g}{section.3}% 7
\BOOKMARK [3][-]{subsubsection.3.4.1}{\376\377\000K\000o\000n\000s\000t\000r\000u\000k\000t\000o\000r\000\040\000i\000\040\000d\000e\000s\000t\000r\000u\000k\000t\000o\000r}{subsection.3.4}% 8
\BOOKMARK [3][-]{subsubsection.3.4.2}{\376\377\000M\000e\000t\000o\000d\000a\000\040\000O\000n\000P\000a\000i\000n\000t}{subsection.3.4}% 9
\BOOKMARK [3][-]{subsubsection.3.4.3}{\376\377\000M\000e\000t\000o\000d\000a\000\040\000D\000i\000s\000p\000l\000a\000y\000Q\000u\000e\000s\000t\000i\000o\000n}{subsection.3.4}% 10
\BOOKMARK [3][-]{subsubsection.3.4.4}{\376\377\000M\000e\000t\000o\000d\000a\000\040\000L\000o\000a\000d\000Q\000u\000e\000s\000t\000i\000o\000n\000s\000F\000r\000o\000m\000F\000i\000l\000e}{subsection.3.4}% 11
\BOOKMARK [3][-]{subsubsection.3.4.5}{\376\377\000M\000e\000t\000o\000d\000a\000\040\000O\000n\000B\000u\000t\000t\000o\000n\000C\000l\000i\000c\000k\000e\000d}{subsection.3.4}% 12
\BOOKMARK [3][-]{subsubsection.3.4.6}{\376\377\000M\000e\000t\000o\000d\000a\000\040\000O\000n\000F\000i\000f\000t\000y\000F\000i\000f\000t\000y}{subsection.3.4}% 13
\BOOKMARK [3][-]{subsubsection.3.4.7}{\376\377\000M\000e\000t\000o\000d\000a\000\040\000O\000n\000P\000h\000o\000n\000e\000A\000F\000r\000i\000e\000n\000d}{subsection.3.4}% 14
\BOOKMARK [3][-]{subsubsection.3.4.8}{\376\377\000M\000e\000t\000o\000d\000a\000\040\000O\000n\000Q\000u\000i\000t}{subsection.3.4}% 15
\BOOKMARK [3][-]{subsubsection.3.4.9}{\376\377\000M\000e\000t\000o\000d\000a\000\040\000O\000n\000A\000b\000o\000u\000t}{subsection.3.4}% 16
\BOOKMARK [2][-]{subsection.3.5}{\376\377\000F\000u\000n\000k\000c\000j\000a\000\040\000m\000a\000i\000n}{section.3}% 17
\BOOKMARK [2][-]{subsection.3.6}{\376\377\000D\000o\000d\000a\000t\000k\000o\000w\000e\000\040\000m\000e\000t\000o\000d\000y}{section.3}% 18
\BOOKMARK [1][-]{section.4}{\376\377\000P\000o\000d\000z\000i\000a\001\102\000\040\000o\000b\000o\000w\000i\001\005\000z\000k\000\363\000w}{}% 19
\BOOKMARK [2][-]{subsection.4.1}{\376\377\000M\000a\000t\000e\000u\000s\000z\000\040\000W\000a\000l\000o}{section.4}% 20
\BOOKMARK [2][-]{subsection.4.2}{\376\377\000I\000g\000o\000r\000\040\000K\000o\000z\000a\000k}{section.4}% 21
\BOOKMARK [2][-]{subsection.4.3}{\376\377\000O\000s\000k\000a\000r\000\040\000W\000i\000l\000k\000o\000s}{section.4}% 22
\BOOKMARK [1][-]{section.5}{\376\377\000P\000o\000d\000s\000u\000m\000o\000w\000a\000n\000i\000e}{}% 23
